Build started 9/26/2018 9:02:24 PM.
     1>Project "c:\Users\hp laptop\documents\visual studio 2010\Projects\lbg_kmeans\lbg_kmeans.vcxproj" on node 2 (build target(s)).
     1>InitializeBuildStatus:
         Creating "Debug\lbg_kmeans.unsuccessfulbuild" because "AlwaysCreate" was specified.
       ClCompile:
         C:\Program Files (x86)\Microsoft Visual Studio 10.0\VC\bin\CL.exe /c /ZI /nologo /W3 /WX- /Od /Oy- /D WIN32 /D _DEBUG /D _CONSOLE /D _UNICODE /D UNICODE /Gm /EHsc /RTC1 /MDd /GS /fp:precise /Zc:wchar_t /Zc:forScope /Yc"StdAfx.h" /Fp"Debug\lbg_kmeans.pch" /Fo"Debug\\" /Fd"Debug\vc100.pdb" /Gd /TP /analyze- /errorReport:prompt stdafx.cpp
         stdafx.cpp
         C:\Program Files (x86)\Microsoft Visual Studio 10.0\VC\bin\CL.exe /c /ZI /nologo /W3 /WX- /Od /Oy- /D WIN32 /D _DEBUG /D _CONSOLE /D _UNICODE /D UNICODE /Gm /EHsc /RTC1 /MDd /GS /fp:precise /Zc:wchar_t /Zc:forScope /Yu"StdAfx.h" /Fp"Debug\lbg_kmeans.pch" /Fo"Debug\\" /Fd"Debug\vc100.pdb" /Gd /TP /analyze- /errorReport:prompt lbg_kmeans.cpp
         lbg_kmeans.cpp
     1>c:\users\hp laptop\documents\visual studio 2010\projects\lbg_kmeans\lbg_kmeans.cpp(143): warning C4101: 'em_vecotr_disc' : unreferenced local variable
     1>c:\users\hp laptop\documents\visual studio 2010\projects\lbg_kmeans\lbg_kmeans.cpp(143): warning C4101: 'centroid' : unreferenced local variable
     1>c:\users\hp laptop\documents\visual studio 2010\projects\lbg_kmeans\lbg_kmeans.cpp(143): warning C4101: 'ep_vector_disc' : unreferenced local variable
       ManifestResourceCompile:
         C:\Program Files (x86)\Microsoft SDKs\Windows\v7.0A\bin\rc.exe /nologo /fo"Debug\lbg_kmeans.exe.embed.manifest.res" Debug\lbg_kmeans_manifest.rc 
       Link:
         C:\Program Files (x86)\Microsoft Visual Studio 10.0\VC\bin\link.exe /ERRORREPORT:PROMPT /OUT:"c:\users\hp laptop\documents\visual studio 2010\Projects\lbg_kmeans\Debug\lbg_kmeans.exe" /INCREMENTAL /NOLOGO kernel32.lib user32.lib gdi32.lib winspool.lib comdlg32.lib advapi32.lib shell32.lib ole32.lib oleaut32.lib uuid.lib odbc32.lib odbccp32.lib /MANIFEST /ManifestFile:"Debug\lbg_kmeans.exe.intermediate.manifest" /MANIFESTUAC:"level='asInvoker' uiAccess='false'" /DEBUG /PDB:"c:\users\hp laptop\documents\visual studio 2010\Projects\lbg_kmeans\Debug\lbg_kmeans.pdb" /SUBSYSTEM:CONSOLE /TLBID:1 /DYNAMICBASE /NXCOMPAT /IMPLIB:"c:\users\hp laptop\documents\visual studio 2010\Projects\lbg_kmeans\Debug\lbg_kmeans.lib" /MACHINE:X86 Debug\lbg_kmeans.exe.embed.manifest.res
         Debug\lbg_kmeans.obj
         Debug\stdafx.obj
       Manifest:
         C:\Program Files (x86)\Microsoft SDKs\Windows\v7.0A\bin\mt.exe /nologo /verbose /out:"Debug\lbg_kmeans.exe.embed.manifest" /manifest Debug\lbg_kmeans.exe.intermediate.manifest
         C:\Program Files (x86)\Microsoft SDKs\Windows\v7.0A\bin\rc.exe /nologo /fo"Debug\lbg_kmeans.exe.embed.manifest.res" Debug\lbg_kmeans_manifest.rc 
       LinkEmbedManifest:
         C:\Program Files (x86)\Microsoft Visual Studio 10.0\VC\bin\link.exe /ERRORREPORT:PROMPT /OUT:"c:\users\hp laptop\documents\visual studio 2010\Projects\lbg_kmeans\Debug\lbg_kmeans.exe" /INCREMENTAL /NOLOGO kernel32.lib user32.lib gdi32.lib winspool.lib comdlg32.lib advapi32.lib shell32.lib ole32.lib oleaut32.lib uuid.lib odbc32.lib odbccp32.lib /MANIFEST /ManifestFile:"Debug\lbg_kmeans.exe.intermediate.manifest" /MANIFESTUAC:"level='asInvoker' uiAccess='false'" /DEBUG /PDB:"c:\users\hp laptop\documents\visual studio 2010\Projects\lbg_kmeans\Debug\lbg_kmeans.pdb" /SUBSYSTEM:CONSOLE /TLBID:1 /DYNAMICBASE /NXCOMPAT /IMPLIB:"c:\users\hp laptop\documents\visual studio 2010\Projects\lbg_kmeans\Debug\lbg_kmeans.lib" /MACHINE:X86 Debug\lbg_kmeans.exe.embed.manifest.res
         Debug\lbg_kmeans.obj
         Debug\stdafx.obj
         lbg_kmeans.vcxproj -> c:\users\hp laptop\documents\visual studio 2010\Projects\lbg_kmeans\Debug\lbg_kmeans.exe
       FinalizeBuildStatus:
         Deleting file "Debug\lbg_kmeans.unsuccessfulbuild".
         Touching "Debug\lbg_kmeans.lastbuildstate".
     1>Done Building Project "c:\Users\hp laptop\documents\visual studio 2010\Projects\lbg_kmeans\lbg_kmeans.vcxproj" (build target(s)).

Build succeeded.

Time Elapsed 00:00:06.53
